<?xml version="1.0" encoding="UTF-8"?>
<testng-results ignored="1" total="2" passed="1" failed="0" skipped="0">
  <reporter-output>
  </reporter-output>
  <suite started-at="2022-06-19T11:39:31 IST" name="Default suite" finished-at="2022-06-19T11:39:32 IST" duration-ms="1468">
    <groups>
    </groups>
    <test started-at="2022-06-19T11:39:31 IST" name="Default test" finished-at="2022-06-19T11:39:32 IST" duration-ms="1468">
      <class name="testcases.Viewprofile_Test">
        <test-method is-config="true" signature="beforesuite()[pri:0, instance:testcases.Viewprofile_Test@481a996b]" started-at="2022-06-19T11:39:24 IST" name="beforesuite" finished-at="2022-06-19T11:39:31 IST" duration-ms="6616" status="PASS">
          <reporter-output>
          </reporter-output>
        </test-method> <!-- beforesuite -->
        <test-method is-config="true" signature="before()[pri:0, instance:testcases.Viewprofile_Test@481a996b]" started-at="2022-06-19T11:39:31 IST" name="before" finished-at="2022-06-19T11:39:31 IST" duration-ms="3" status="PASS">
          <reporter-output>
          </reporter-output>
        </test-method> <!-- before -->
        <test-method signature="ProfileUpdate()[pri:0, instance:testcases.Viewprofile_Test@481a996b]" started-at="2022-06-19T11:39:31 IST" name="ProfileUpdate" finished-at="2022-06-19T11:39:32 IST" duration-ms="1419" status="PASS">
          <reporter-output>
          </reporter-output>
        </test-method> <!-- ProfileUpdate -->
      </class> <!-- testcases.Viewprofile_Test -->
    </test> <!-- Default test -->
  </suite> <!-- Default suite -->
</testng-results>
