<?xml version="1.0" encoding="UTF-8"?>
<!-- Generated by org.testng.reporters.JUnitXMLReporter -->
<testsuite ignored="1" hostname="LAPTOP-UMA11IFC" failures="0" tests="1" name="Default test" time="1.468" errors="0" timestamp="2022-06-19T11:39:32 IST">
  <testcase classname="testcases.Viewprofile_Test" name="ProfileUpdate" time="1.419"/>
  <testcase classname="testcases.Viewprofile_Test" name="PassChange" time="0.0">
    <ignored/>
  </testcase> <!-- PassChange -->
</testsuite> <!-- Default test -->
